    Updating crates.io index
error: failed to select a version for `serde_core`.
    ... required by package `serde v1.0.227`
    ... which satisfies dependency `serde = "^1.0.144"` of package `sqlx-mysql v0.7.0`
    ... which satisfies dependency `sqlx-mysql = "=0.7.0"` of package `sqlx v0.7.0`
    ... which satisfies dependency `sqlx = "^0.7"` of package `guardrail-shared v0.1.0 (C:\Users\tyler\Downloads\guardrail-complete\guardrail\backend\shared)`
    ... which satisfies path dependency `guardrail-shared` of package `api-gateway v0.1.0 (C:\Users\tyler\Downloads\guardrail-complete\guardrail\backend\api-gateway)`
versions that meet the requirements `=1.0.227` are: 1.0.227

all possible versions conflict with previously selected packages.

  previously selected package `serde_core v1.0.228`
    ... which satisfies dependency `serde_core = "^1.0.228"` of package `bitflags v2.10.0`
    ... which satisfies dependency `bitflags = "^2"` of package `sqlx-mysql v0.7.0`
    ... which satisfies dependency `sqlx-mysql = "=0.7.0"` of package `sqlx v0.7.0`
    ... which satisfies dependency `sqlx = "^0.7"` of package `guardrail-shared v0.1.0 (C:\Users\tyler\Downloads\guardrail-complete\guardrail\backend\shared)`
    ... which satisfies path dependency `guardrail-shared` of package `api-gateway v0.1.0 (C:\Users\tyler\Downloads\guardrail-complete\guardrail\backend\api-gateway)`

failed to select a version for `serde_core` which could resolve this conflict
    Blocking waiting for file lock on build directory
   Compiling guardrail-shared v0.1.0 (C:\users\tyler\downloads\guardrail-complete\guardrail\backend\shared)
   Compiling jsonwebtoken v9.3.1
error: unexpected closing delimiter: `}`
   --> shared\src\errors.rs:181:1
    |
144 |     pub fn error_code(&self) -> &'static str {
    |                                              - this delimiter might not be properly closed...
...
179 |         }
    |         - ...as it matches this but it has different indentation
180 |     }
181 | }
    | ^ unexpected closing delimiter

error: could not compile `guardrail-shared` (lib) due to 1 previous error
warning: build failed, waiting for other jobs to finish...
   Compiling guardrail-shared v0.1.0 (C:\users\tyler\downloads\guardrail-complete\guardrail\backend\shared)
error: unexpected closing delimiter: `}`
   --> shared\src\errors.rs:181:1
    |
144 |     pub fn error_code(&self) -> &'static str {
    |                                              - this delimiter might not be properly closed...
...
179 |         }
    |         - ...as it matches this but it has different indentation
180 |     }
181 | }
    | ^ unexpected closing delimiter

error: could not compile `guardrail-shared` (lib) due to 1 previous error
   Compiling api-gateway v0.1.0 (C:\Users\tyler\Downloads\guardrail-complete\guardrail\backend\api-gateway)
warning: unused imports: `Path`, `Query`, `delete`, and `patch`
  --> api-gateway\src\main.rs:11:15
   |
11 |     extract::{Path, Query, State},
   |               ^^^^  ^^^^^
...
15 |     routing::{any, delete, get, patch, post},
   |                    ^^^^^^       ^^^^^
   |
   = note: `#[warn(unused_imports)]` (part of `#[warn(unused)]`) on by default

warning: unused import: `rand::Rng`
   --> api-gateway\src\main.rs:770:5
    |
770 | use rand::Rng;
    |     ^^^^^^^^^

warning: `api-gateway` (bin "api-gateway") generated 2 warnings (run `cargo fix --bin "api-gateway"` to apply 2 suggestions)
    Finished `release` profile [optimized] target(s) in 1m 08s
     Running `target\release\api-gateway.exe`
[2m2025-12-26T03:54:30.045869Z[0m [32m INFO[0m [2mapi_gateway[0m[2m:[0m Connected to database
[2m2025-12-26T03:54:30.047633Z[0m [32m INFO[0m [2mapi_gateway[0m[2m:[0m API Gateway listening on 0.0.0.0:3000
Error: Only one usage of each socket address (protocol/network address/port) is normally permitted. (os error 10048)
error: process didn't exit successfully: `target\release\api-gateway.exe` (exit code: 1)
