
> guardrail-console@0.1.0 dev
> next dev

  ▲ Next.js 14.2.0
  - Local:        http://localhost:3010

 ✓ Starting...
 ⚠ Invalid next.config.js options detected: 
 ⚠     Expected object, received boolean at "experimental.serverActions"
 ⚠ See more info here: https://nextjs.org/docs/messages/invalid-next-config
 ⚠ Server Actions are available by default now, `experimental.serverActions` option can be safely removed.
Attention: Next.js now collects completely anonymous telemetry regarding usage.
This information is used to shape Next.js' roadmap and prioritize features.
You can learn more, including how to opt-out if you'd not like to participate in this anonymous program, by visiting the following URL:
https://nextjs.org/telemetry

 ✓ Ready in 24.5s
^C
> guardrail-console@0.1.0 dev
> next dev

  ▲ Next.js 14.2.0
  - Local:        http://localhost:3010

 ✓ Starting...
 ⚠ Invalid next.config.js options detected: 
 ⚠     Expected object, received boolean at "experimental.serverActions"
 ⚠ See more info here: https://nextjs.org/docs/messages/invalid-next-config
 ⚠ Server Actions are available by default now, `experimental.serverActions` option can be safely removed.
 ✓ Ready in 12.9s
 ○ Compiling / ...
 ✓ Compiled / in 7.6s (577 modules)
 GET / 200 in 51ms
 GET / 200 in 32ms
 GET / 200 in 57ms
 GET / 200 in 30ms
 GET / 200 in 384ms
 GET / 200 in 663ms
 GET / 200 in 118ms
 GET / 200 in 197ms
 GET / 200 in 110ms
 GET / 200 in 67ms
 GET / 200 in 51ms
 GET / 200 in 68ms
 GET / 200 in 83ms
 GET / 200 in 68ms
 GET / 200 in 65ms
 GET / 200 in 65ms
 GET / 200 in 37ms
 GET / 200 in 377ms
 GET / 200 in 315ms
 GET / 200 in 282ms
 GET / 200 in 98ms
 GET / 200 in 119ms
 GET / 200 in 273ms
 GET / 200 in 165ms
 GET / 200 in 195ms
 GET / 200 in 193ms
 GET / 200 in 148ms
 GET / 200 in 175ms
 GET / 200 in 296ms
 GET / 200 in 410ms
 GET / 200 in 283ms
 GET / 200 in 67ms
 GET / 200 in 95ms
 GET / 200 in 67ms
 GET / 200 in 81ms
 GET / 200 in 81ms
 GET / 200 in 81ms
 GET / 200 in 81ms
 GET / 200 in 60ms
 GET / 200 in 52ms
 GET / 200 in 50ms
 GET / 200 in 45ms
 GET / 200 in 53ms
 GET / 200 in 79ms
 GET / 200 in 53ms
 GET / 200 in 63ms
 GET / 200 in 121ms
 GET / 200 in 67ms
 GET / 200 in 50ms
 GET / 200 in 65ms
 GET / 200 in 49ms
 GET / 200 in 34ms
 GET / 200 in 63ms
 GET / 200 in 48ms
 GET / 200 in 62ms
 GET / 200 in 77ms
 GET / 200 in 47ms
 GET / 200 in 48ms
 GET / 200 in 62ms
 GET / 200 in 64ms
 GET / 200 in 49ms
 GET / 200 in 49ms
 GET / 200 in 54ms
 GET / 200 in 66ms
 GET / 200 in 64ms
 GET / 200 in 65ms
 GET / 200 in 50ms
 GET / 200 in 47ms
 GET / 200 in 32ms
 GET / 200 in 47ms
 GET / 200 in 49ms
 GET / 200 in 47ms
 GET / 200 in 50ms
 GET / 200 in 61ms
 GET / 200 in 50ms
 GET / 200 in 63ms
 GET / 200 in 35ms
 GET / 200 in 47ms
 GET / 200 in 48ms
 GET / 200 in 48ms
 GET / 200 in 64ms
 GET / 200 in 64ms
 GET / 200 in 33ms
 GET / 200 in 49ms
 GET / 200 in 51ms
 GET / 200 in 63ms
 GET / 200 in 79ms
 GET / 200 in 50ms
 GET / 200 in 52ms
 GET / 200 in 64ms
 GET / 200 in 49ms
 GET / 200 in 67ms
 GET / 200 in 48ms
 GET / 200 in 51ms
 GET / 200 in 73ms
 GET / 200 in 47ms
 GET / 200 in 48ms
 GET / 200 in 79ms
 GET / 200 in 51ms
 GET / 200 in 51ms
 GET / 200 in 65ms
 GET / 200 in 71ms
 GET / 200 in 80ms
 GET / 200 in 34ms
 GET / 200 in 50ms
 GET / 200 in 72ms
 GET / 200 in 63ms
 GET / 200 in 47ms
 GET / 200 in 32ms
 GET / 200 in 50ms
 GET / 200 in 63ms
 GET / 200 in 62ms
 GET / 200 in 65ms
 GET / 200 in 50ms
 GET / 200 in 65ms
 GET / 200 in 33ms
 GET / 200 in 49ms
 GET / 200 in 49ms
 GET / 200 in 63ms
 GET / 200 in 64ms
 GET / 200 in 64ms
 GET / 200 in 62ms
 GET / 200 in 50ms
 GET / 200 in 79ms
 GET / 200 in 46ms
 GET / 200 in 78ms
 GET / 200 in 44ms
 GET / 200 in 78ms
 GET / 200 in 68ms
 GET / 200 in 50ms
 GET / 200 in 44ms
 GET / 200 in 54ms
 GET / 200 in 62ms
 GET / 200 in 80ms
 GET / 200 in 48ms
 GET / 200 in 32ms
 GET / 200 in 35ms
 GET / 200 in 55ms
 GET / 200 in 51ms
 GET / 200 in 49ms
 GET / 200 in 49ms
 GET / 200 in 48ms
 GET / 200 in 64ms
 GET / 200 in 35ms
 GET / 200 in 47ms
 GET / 200 in 35ms
 GET / 200 in 62ms
 GET / 200 in 50ms
 GET / 200 in 66ms
 GET / 200 in 71ms
 GET / 200 in 63ms
 GET / 200 in 49ms
 GET / 200 in 62ms
 GET / 200 in 48ms
 GET / 200 in 47ms
 GET / 200 in 55ms
 GET / 200 in 157ms
 GET / 200 in 68ms
 GET / 200 in 63ms
 GET / 200 in 63ms
 GET / 200 in 63ms
 GET / 200 in 64ms
 GET / 200 in 63ms
 GET / 200 in 63ms
 GET / 200 in 48ms
 GET / 200 in 81ms
 GET / 200 in 48ms
 GET / 200 in 48ms
 GET / 200 in 36ms
 GET / 200 in 63ms
 GET / 200 in 67ms
 GET / 200 in 35ms
 GET / 200 in 65ms
 GET / 200 in 34ms
 GET / 200 in 63ms
 GET / 200 in 66ms
 GET / 200 in 35ms
 GET / 200 in 49ms
 GET / 200 in 64ms
 GET / 200 in 50ms
 GET / 200 in 49ms
 GET / 200 in 49ms
 GET / 200 in 79ms
 GET / 200 in 63ms
 GET / 200 in 64ms
 GET / 200 in 78ms
 GET / 200 in 35ms
 GET / 200 in 78ms
 GET / 200 in 66ms
 GET / 200 in 66ms
 GET / 200 in 65ms
 GET / 200 in 62ms
 GET / 200 in 63ms
 GET / 200 in 47ms
 GET / 200 in 63ms
 GET / 200 in 65ms
 GET / 200 in 64ms
 GET / 200 in 65ms
 GET / 200 in 65ms
 GET / 200 in 49ms
 GET / 200 in 62ms
 GET / 200 in 33ms
 GET / 200 in 63ms
 GET / 200 in 78ms
 GET / 200 in 65ms
 GET / 200 in 35ms
 GET / 200 in 48ms
 GET / 200 in 49ms
 GET / 200 in 49ms
 GET / 200 in 78ms
 GET / 200 in 61ms
 GET / 200 in 50ms
 GET / 200 in 51ms
 GET / 200 in 50ms
 GET / 200 in 49ms
 GET / 200 in 63ms
 GET / 200 in 65ms
^C^C