    Updating crates.io index
error: failed to select a version for `serde_core`.
    ... required by package `serde v1.0.227`
    ... which satisfies dependency `serde = "^1.0.144"` of package `sqlx-mysql v0.7.0`
    ... which satisfies dependency `sqlx-mysql = "=0.7.0"` of package `sqlx v0.7.0`
    ... which satisfies dependency `sqlx = "^0.7"` of package `guardrail-shared v0.1.0 (C:\Users\tyler\Downloads\guardrail-complete\guardrail\backend\shared)`
    ... which satisfies path dependency `guardrail-shared` of package `api-gateway v0.1.0 (C:\Users\tyler\Downloads\guardrail-complete\guardrail\backend\api-gateway)`
versions that meet the requirements `=1.0.227` are: 1.0.227

all possible versions conflict with previously selected packages.

  previously selected package `serde_core v1.0.228`
    ... which satisfies dependency `serde_core = "^1.0.228"` of package `bitflags v2.10.0`
    ... which satisfies dependency `bitflags = "^2"` of package `sqlx-mysql v0.7.0`
    ... which satisfies dependency `sqlx-mysql = "=0.7.0"` of package `sqlx v0.7.0`
    ... which satisfies dependency `sqlx = "^0.7"` of package `guardrail-shared v0.1.0 (C:\Users\tyler\Downloads\guardrail-complete\guardrail\backend\shared)`
    ... which satisfies path dependency `guardrail-shared` of package `api-gateway v0.1.0 (C:\Users\tyler\Downloads\guardrail-complete\guardrail\backend\api-gateway)`

failed to select a version for `serde_core` which could resolve this conflict
   Compiling anyhow v1.0.100
   Compiling guardrail-shared v0.1.0 (C:\users\tyler\downloads\guardrail-complete\guardrail\backend\shared)
   Compiling tower-http v0.5.2
error: unexpected closing delimiter: `}`
   --> shared\src\errors.rs:181:1
    |
144 |     pub fn error_code(&self) -> &'static str {
    |                                              - this delimiter might not be properly closed...
...
179 |         }
    |         - ...as it matches this but it has different indentation
180 |     }
181 | }
    | ^ unexpected closing delimiter

error: could not compile `guardrail-shared` (lib) due to 1 previous error
warning: build failed, waiting for other jobs to finish...
   Compiling guardrail-shared v0.1.0 (C:\users\tyler\downloads\guardrail-complete\guardrail\backend\shared)
error: unexpected closing delimiter: `}`
   --> shared\src\errors.rs:181:1
    |
144 |     pub fn error_code(&self) -> &'static str {
    |                                              - this delimiter might not be properly closed...
...
179 |         }
    |         - ...as it matches this but it has different indentation
180 |     }
181 | }
    | ^ unexpected closing delimiter

error: could not compile `guardrail-shared` (lib) due to 1 previous error
    Finished `release` profile [optimized] target(s) in 19.12s
     Running `target\release\identity-service.exe`
[2m2025-12-26T03:53:10.518092Z[0m [32m INFO[0m [2midentity_service[0m[2m:[0m Connected to database
[2m2025-12-26T03:53:10.518584Z[0m [32m INFO[0m [2midentity_service[0m[2m:[0m Identity Service listening on 0.0.0.0:3001
Error: Only one usage of each socket address (protocol/network address/port) is normally permitted. (os error 10048)
error: process didn't exit successfully: `target\release\identity-service.exe` (exit code: 1)
    Updating crates.io index
     Locking 1 package to latest compatible version
      Adding base64 v0.21.7 (available: v0.22.1)
   Compiling crossbeam-utils v0.8.21
   Compiling num-traits v0.2.19
   Compiling syn v1.0.109
   Compiling rayon-core v1.13.0
   Compiling paste v1.0.15
   Compiling zeroize_derive v1.4.2
   Compiling indexmap v2.12.1
   Compiling itertools v0.10.5
   Compiling uuid v1.19.0
   Compiling num-integer v0.1.46
   Compiling zeroize v1.8.2
   Compiling num-bigint v0.4.6
   Compiling crossbeam-epoch v0.9.18
   Compiling tokio v1.48.0
   Compiling hashbrown v0.13.2
   Compiling chrono v0.4.42
   Compiling crossbeam-deque v0.8.6
   Compiling proc-macro-error-attr v1.0.4
   Compiling concurrent-queue v2.5.0
   Compiling atoi v2.0.0
   Compiling tracing-subscriber v0.2.25
   Compiling proc-macro-error v1.0.4
   Compiling byteorder v1.5.0
   Compiling rayon v1.11.0
   Compiling event-listener v5.4.1
   Compiling crossbeam-queue v0.3.12
   Compiling h2 v0.4.12
   Compiling sqlx-core v0.8.6
   Compiling tracing-serde v0.2.0
   Compiling tracing-subscriber v0.3.22
   Compiling ark-serialize-derive v0.4.2
   Compiling ark-ff-asm v0.4.2
   Compiling ark-ff-macros v0.4.2
   Compiling ark-std v0.4.0
   Compiling derivative v2.2.0
   Compiling ark-serialize v0.4.2
   Compiling tokio-stream v0.1.17
   Compiling utoipa-gen v4.3.1
   Compiling ark-ff v0.4.2
   Compiling hyper v1.8.1
   Compiling sqlx-postgres v0.8.6
   Compiling hyper-util v0.1.19
   Compiling utoipa v4.2.3
   Compiling ark-poly v0.4.2
   Compiling ark-relations v0.4.0
   Compiling axum v0.7.9
   Compiling ark-snark v0.4.0
   Compiling ark-ec v0.4.2
   Compiling sqlx-macros-core v0.8.6
   Compiling ark-crypto-primitives v0.4.0
   Compiling ark-groth16 v0.4.0
   Compiling ark-bls12-381 v0.4.0
   Compiling sqlx-macros v0.8.6
   Compiling sqlx v0.8.6
   Compiling guardrail-shared v0.1.0 (C:\Users\tyler\Downloads\guardrail-complete\guardrail\backend\shared)
warning: unused variable: `threshold`
  --> shared\src\zk_credential.rs:55:5
   |
55 |     threshold: u64,
   |     ^^^^^^^^^ help: if this is intentional, prefix it with an underscore: `_threshold`
   |
   = note: `#[warn(unused_variables)]` (part of `#[warn(unused)]`) on by default

warning: `guardrail-shared` (lib) generated 1 warning
   Compiling identity-service v0.1.0 (C:\Users\tyler\Downloads\guardrail-complete\guardrail\backend\identity-service)
    Finished `release` profile [optimized] target(s) in 3m 17s
     Running `target\release\identity-service.exe`
{"timestamp":"2025-12-26T05:49:21.807655Z","level":"INFO","fields":{"message":"Connected to database"},"target":"identity_service"}
{"timestamp":"2025-12-26T05:49:21.808259Z","level":"INFO","fields":{"message":"Identity Service listening on 0.0.0.0:3001"},"target":"identity_service"}
error: process didn't exit successfully: `target\release\identity-service.exe` (exit code: 0xc000013a, STATUS_CONTROL_C_EXIT)
