    Blocking waiting for file lock on package cache
    Updating crates.io index
error: failed to select a version for `serde_core`.
    ... required by package `serde v1.0.227`
    ... which satisfies dependency `serde = "^1.0.144"` of package `sqlx-mysql v0.7.0`
    ... which satisfies dependency `sqlx-mysql = "=0.7.0"` of package `sqlx v0.7.0`
    ... which satisfies dependency `sqlx = "^0.7"` of package `guardrail-shared v0.1.0 (C:\Users\tyler\Downloads\guardrail-complete\guardrail\backend\shared)`
    ... which satisfies path dependency `guardrail-shared` of package `api-gateway v0.1.0 (C:\Users\tyler\Downloads\guardrail-complete\guardrail\backend\api-gateway)`
versions that meet the requirements `=1.0.227` are: 1.0.227

all possible versions conflict with previously selected packages.

  previously selected package `serde_core v1.0.228`
    ... which satisfies dependency `serde_core = "^1.0.228"` of package `bitflags v2.10.0`
    ... which satisfies dependency `bitflags = "^2"` of package `sqlx-mysql v0.7.0`
    ... which satisfies dependency `sqlx-mysql = "=0.7.0"` of package `sqlx v0.7.0`
    ... which satisfies dependency `sqlx = "^0.7"` of package `guardrail-shared v0.1.0 (C:\Users\tyler\Downloads\guardrail-complete\guardrail\backend\shared)`
    ... which satisfies path dependency `guardrail-shared` of package `api-gateway v0.1.0 (C:\Users\tyler\Downloads\guardrail-complete\guardrail\backend\api-gateway)`

failed to select a version for `serde_core` which could resolve this conflict
    Blocking waiting for file lock on build directory
   Compiling guardrail-shared v0.1.0 (C:\users\tyler\downloads\guardrail-complete\guardrail\backend\shared)
error: unexpected closing delimiter: `}`
   --> shared\src\errors.rs:181:1
    |
144 |     pub fn error_code(&self) -> &'static str {
    |                                              - this delimiter might not be properly closed...
...
179 |         }
    |         - ...as it matches this but it has different indentation
180 |     }
181 | }
    | ^ unexpected closing delimiter

error: could not compile `guardrail-shared` (lib) due to 1 previous error
   Compiling guardrail-shared v0.1.0 (C:\users\tyler\downloads\guardrail-complete\guardrail\backend\shared)
error: unexpected closing delimiter: `}`
   --> shared\src\errors.rs:181:1
    |
144 |     pub fn error_code(&self) -> &'static str {
    |                                              - this delimiter might not be properly closed...
...
179 |         }
    |         - ...as it matches this but it has different indentation
180 |     }
181 | }
    | ^ unexpected closing delimiter

error: could not compile `guardrail-shared` (lib) due to 1 previous error
    Blocking waiting for file lock on build directory
    Finished `release` profile [optimized] target(s) in 18.64s
     Running `target\release\policy-engine.exe`
[2m2025-12-26T03:53:16.798163Z[0m [32m INFO[0m [2mpolicy_engine[0m[2m:[0m Connected to database
[2m2025-12-26T03:53:16.881460Z[0m [32m INFO[0m [2mpolicy_engine[0m[2m:[0m Loaded active policies
[2m2025-12-26T03:53:16.881886Z[0m [32m INFO[0m [2mpolicy_engine[0m[2m:[0m Policy Engine listening on 0.0.0.0:3002
Error: Only one usage of each socket address (protocol/network address/port) is normally permitted. (os error 10048)
error: process didn't exit successfully: `target\release\policy-engine.exe` (exit code: 1)
    Blocking waiting for file lock on build directory
   Compiling serde_yaml v0.9.34+deprecated
   Compiling hyper-tls v0.6.0
   Compiling rustls-pki-types v1.13.2
warning: unused variable: `threshold`
  --> shared\src\zk_credential.rs:55:5
   |
55 |     threshold: u64,
   |     ^^^^^^^^^ help: if this is intentional, prefix it with an underscore: `_threshold`
   |
   = note: `#[warn(unused_variables)]` (part of `#[warn(unused)]`) on by default

warning: `guardrail-shared` (lib) generated 1 warning
   Compiling reqwest v0.12.28
error: could not compile `reqwest` (lib)

Caused by:
  process didn't exit successfully: `rustc --crate-name reqwest --edition=2021 C:\Users\tyler\.cargo\registry\src\index.crates.io-1949cf8c6b5b557f\reqwest-0.12.28\src\lib.rs --error-format=json --json=diagnostic-rendered-ansi,artifacts,future-incompat --crate-type lib --emit=dep-info,metadata,link -C opt-level=3 -C embed-bitcode=no --warn=unexpected_cfgs --check-cfg cfg(reqwest_unstable) --cfg "feature=\"__tls\"" --cfg "feature=\"charset\"" --cfg "feature=\"default\"" --cfg "feature=\"default-tls\"" --cfg "feature=\"h2\"" --cfg "feature=\"http2\"" --cfg "feature=\"json\"" --cfg "feature=\"system-proxy\"" --check-cfg cfg(docsrs,test) --check-cfg "cfg(feature, values(\"__rustls\", \"__rustls-ring\", \"__tls\", \"blocking\", \"brotli\", \"charset\", \"cookies\", \"default\", \"default-tls\", \"deflate\", \"gzip\", \"h2\", \"hickory-dns\", \"http2\", \"http3\", \"json\", \"macos-system-configuration\", \"multipart\", \"native-tls\", \"native-tls-alpn\", \"native-tls-vendored\", \"rustls-tls\", \"rustls-tls-manual-roots\", \"rustls-tls-manual-roots-no-provider\", \"rustls-tls-native-roots\", \"rustls-tls-native-roots-no-provider\", \"rustls-tls-no-provider\", \"rustls-tls-webpki-roots\", \"rustls-tls-webpki-roots-no-provider\", \"socks\", \"stream\", \"system-proxy\", \"trust-dns\", \"zstd\"))" -C metadata=05fc523d71b1f671 -C extra-filename=-dc53c970a6f734cb --out-dir C:\Users\tyler\Downloads\guardrail-complete\guardrail\backend\target\release\deps -C strip=debuginfo -L dependency=C:\Users\tyler\Downloads\guardrail-complete\guardrail\backend\target\release\deps --extern base64=C:\Users\tyler\Downloads\guardrail-complete\guardrail\backend\target\release\deps\libbase64-9068a702000860a3.rmeta --extern bytes=C:\Users\tyler\Downloads\guardrail-complete\guardrail\backend\target\release\deps\libbytes-af5264d1149d46ae.rmeta --extern encoding_rs=C:\Users\tyler\Downloads\guardrail-complete\guardrail\backend\target\release\deps\libencoding_rs-6827e8a601f342a0.rmeta --extern futures_core=C:\Users\tyler\Downloads\guardrail-complete\guardrail\backend\target\release\deps\libfutures_core-09bdef76861b6387.rmeta --extern h2=C:\Users\tyler\Downloads\guardrail-complete\guardrail\backend\target\release\deps\libh2-7aec2a4e1b8a8c4d.rmeta --extern http=C:\Users\tyler\Downloads\guardrail-complete\guardrail\backend\target\release\deps\libhttp-92ebbde99555f809.rmeta --extern http_body=C:\Users\tyler\Downloads\guardrail-complete\guardrail\backend\target\release\deps\libhttp_body-10ef3b77e9b9eb70.rmeta --extern http_body_util=C:\Users\tyler\Downloads\guardrail-complete\guardrail\backend\target\release\deps\libhttp_body_util-1fc6472b4e5e12da.rmeta --extern hyper=C:\Users\tyler\Downloads\guardrail-complete\guardrail\backend\target\release\deps\libhyper-253d7868dca614d8.rmeta --extern hyper_tls=C:\Users\tyler\Downloads\guardrail-complete\guardrail\backend\target\release\deps\libhyper_tls-36f1361e3af9763b.rmeta --extern hyper_util=C:\Users\tyler\Downloads\guardrail-complete\guardrail\backend\target\release\deps\libhyper_util-a2c7036cb38437ea.rmeta --extern log=C:\Users\tyler\Downloads\guardrail-complete\guardrail\backend\target\release\deps\liblog-91146635a8821a14.rmeta --extern mime=C:\Users\tyler\Downloads\guardrail-complete\guardrail\backend\target\release\deps\libmime-1956c216662fa320.rmeta --extern native_tls_crate=C:\Users\tyler\Downloads\guardrail-complete\guardrail\backend\target\release\deps\libnative_tls-d486bc9a4ac5aaa4.rmeta --extern percent_encoding=C:\Users\tyler\Downloads\guardrail-complete\guardrail\backend\target\release\deps\libpercent_encoding-d82f2caa3d77f157.rmeta --extern pin_project_lite=C:\Users\tyler\Downloads\guardrail-complete\guardrail\backend\target\release\deps\libpin_project_lite-75573942ee7ae580.rmeta --extern rustls_pki_types=C:\Users\tyler\Downloads\guardrail-complete\guardrail\backend\target\release\deps\librustls_pki_types-1308edc0b287c40b.rmeta --extern serde=C:\Users\tyler\Downloads\guardrail-complete\guardrail\backend\target\release\deps\libserde-92ea0e8b3403f50f.rmeta --extern serde_json=C:\Users\tyler\Downloads\guardrail-complete\guardrail\backend\target\release\deps\libserde_json-8106e0d65eeafc9c.rmeta --extern serde_urlencoded=C:\Users\tyler\Downloads\guardrail-complete\guardrail\backend\target\release\deps\libserde_urlencoded-d894fca7bdc4ddd2.rmeta --extern sync_wrapper=C:\Users\tyler\Downloads\guardrail-complete\guardrail\backend\target\release\deps\libsync_wrapper-0a01b89f3b14f537.rmeta --extern tokio=C:\Users\tyler\Downloads\guardrail-complete\guardrail\backend\target\release\deps\libtokio-adb2a37ad3b8e832.rmeta --extern tokio_native_tls=C:\Users\tyler\Downloads\guardrail-complete\guardrail\backend\target\release\deps\libtokio_native_tls-52c6fa8717a69c6d.rmeta --extern tower=C:\Users\tyler\Downloads\guardrail-complete\guardrail\backend\target\release\deps\libtower-c2b9d90c3f60c3d2.rmeta --extern tower_http=C:\Users\tyler\Downloads\guardrail-complete\guardrail\backend\target\release\deps\libtower_http-accb0b949ccc335f.rmeta --extern tower_service=C:\Users\tyler\Downloads\guardrail-complete\guardrail\backend\target\release\deps\libtower_service-7b6dcae838d6b78d.rmeta --extern url=C:\Users\tyler\Downloads\guardrail-complete\guardrail\backend\target\release\deps\liburl-0221acea58cfa45a.rmeta --cap-lints allow -L native=C:\Users\tyler\.cargo\registry\src\index.crates.io-1949cf8c6b5b557f\windows_x86_64_msvc-0.53.1\lib` (exit code: 0xc000013a, STATUS_CONTROL_C_EXIT)
warning: build failed, waiting for other jobs to finish...
error: could not compile `serde_yaml` (lib)

Caused by:
  process didn't exit successfully: `rustc --crate-name serde_yaml --edition=2021 C:\Users\tyler\.cargo\registry\src\index.crates.io-1949cf8c6b5b557f\serde_yaml-0.9.34+deprecated\src\lib.rs --error-format=json --json=diagnostic-rendered-ansi,artifacts,future-incompat --crate-type lib --emit=dep-info,metadata,link -C opt-level=3 -C embed-bitcode=no --check-cfg cfg(docsrs,test) --check-cfg "cfg(feature, values())" -C metadata=3d7f5c685d5d0a9e -C extra-filename=-3bc635667580e548 --out-dir C:\Users\tyler\Downloads\guardrail-complete\guardrail\backend\target\release\deps -C strip=debuginfo -L dependency=C:\Users\tyler\Downloads\guardrail-complete\guardrail\backend\target\release\deps --extern indexmap=C:\Users\tyler\Downloads\guardrail-complete\guardrail\backend\target\release\deps\libindexmap-b067a9eb5a1eb202.rmeta --extern itoa=C:\Users\tyler\Downloads\guardrail-complete\guardrail\backend\target\release\deps\libitoa-8192e5558c22b03f.rmeta --extern ryu=C:\Users\tyler\Downloads\guardrail-complete\guardrail\backend\target\release\deps\libryu-a30df1207fe5db9e.rmeta --extern serde=C:\Users\tyler\Downloads\guardrail-complete\guardrail\backend\target\release\deps\libserde-92ea0e8b3403f50f.rmeta --extern unsafe_libyaml=C:\Users\tyler\Downloads\guardrail-complete\guardrail\backend\target\release\deps\libunsafe_libyaml-90de22d21296b5e8.rmeta --cap-lints allow` (exit code: 0xc000013a, STATUS_CONTROL_C_EXIT)
